2017-05-12 23:33:53,844 "POST /v1/bookmarks/ HTTP/1.1" 400 85
2017-05-12 23:34:47,419 "POST /v1/bookmarks/ HTTP/1.1" 400 85
2017-05-12 23:35:49,443 "POST /v1/bookmarks/ HTTP/1.1" 400 85
2017-05-12 23:38:03,299 CREATE TABLE `bookmarks` (`id` integer AUTO_INCREMENT NOT NULL PRIMARY KEY, `title` varchar(500) NOT NULL, `des` varchar(500) NOT NULL, `image` varchar(500) NOT NULL, `keywords` varchar(500) NOT NULL, `privacy` integer NOT NULL, `user_id_id` varchar(64) NOT NULL); (params None)
2017-05-12 23:38:04,263 ALTER TABLE `bookmarks` ADD CONSTRAINT `bookmarks_user_id_id_4e9b35b4_fk_userDB_user_id` FOREIGN KEY (`user_id_id`) REFERENCES `userDB` (`user_id`); (params [])
2017-05-12 23:38:30,049 "POST /v1/bookmarks/ HTTP/1.1" 201 1070
2017-05-13 00:06:12,870 "GET /v1/bookmarks/ HTTP/1.1" 200 1075
2017-05-13 00:11:00,386 "GET /v1/bookmarks/ HTTP/1.1" 200 1075
2017-05-13 00:11:07,670 "POST /v1/bookmarks/ HTTP/1.1" 201 890
2017-05-13 00:12:13,262 "POST /v1/bookmarks/ HTTP/1.1" 201 628
2017-05-13 00:12:55,900 "POST /v1/bookmarks/ HTTP/1.1" 201 572
2017-05-13 00:13:22,277 "POST /v1/bookmarks/ HTTP/1.1" 400 85
2017-05-13 00:13:36,533 "POST /v1/bookmarks/ HTTP/1.1" 400 85
2017-05-13 00:14:14,654 "POST /v1/bookmarks/ HTTP/1.1" 201 629
2017-05-13 00:22:57,817 Not Found: /v1/bookmarks/1
2017-05-13 00:22:57,829 "GET /v1/bookmarks/1 HTTP/1.1" 404 88
2017-05-13 00:23:34,800 "GET /v1/bookmarks?page_no=1 HTTP/1.1" 301 0
2017-05-13 00:23:34,910 "GET /v1/bookmarks/?page_no=1 HTTP/1.1" 200 3610
2017-05-13 00:24:18,532 "GET /v1/bookmarks/?page_no=1 HTTP/1.1" 200 3610
2017-05-13 00:24:24,455 "GET /v1/bookmarks/?page_no=1 HTTP/1.1" 200 3610
2017-05-13 00:24:38,037 "GET /v1/bookmarks/?page_no=1 HTTP/1.1" 200 3610
2017-05-13 00:24:39,661 "GET /v1/bookmarks/?page_no=1 HTTP/1.1" 200 3610
2017-05-13 00:24:40,566 "GET /v1/bookmarks/?page_no=1 HTTP/1.1" 200 3610
2017-05-13 00:24:41,447 "GET /v1/bookmarks/?page_no=1 HTTP/1.1" 200 3610
2017-05-13 00:24:42,412 "GET /v1/bookmarks/?page_no=1 HTTP/1.1" 200 3610
2017-05-13 00:25:10,993 "GET /v1/bookmarks/?page_no=1 HTTP/1.1" 200 3610
2017-05-13 00:25:16,302 "GET /v1/bookmarks/?page_no=1 HTTP/1.1" 200 3610
2017-05-13 00:25:51,939 "GET /v1/bookmarks/?page_no=1 HTTP/1.1" 200 3610
2017-05-13 00:26:47,574 "GET /v1/bookmarks/?page_no=1 HTTP/1.1" 200 3610
2017-05-13 00:26:51,763 "GET /v1/bookmarks/?page_no=1 HTTP/1.1" 200 3610
2017-05-13 00:27:41,524 "GET /v1/bookmarks/?page_no=1 HTTP/1.1" 200 3610
2017-05-13 00:29:23,246 "GET /v1/bookmarks/?page_no=1 HTTP/1.1" 200 3610
2017-05-13 00:30:09,820 "GET /v1/bookmarks/?page_no=1 HTTP/1.1" 200 3610
2017-05-13 00:31:03,694 "GET /v1/bookmarks/?page_no=1 HTTP/1.1" 200 3610
2017-05-13 00:31:18,043 "GET /v1/bookmarks/?page_no=1 HTTP/1.1" 200 3610
2017-05-13 00:32:47,779 "GET /v1/bookmarks/?page_no=1 HTTP/1.1" 200 3610
2017-05-13 00:33:07,674 "GET /v1/bookmarks/?page_no=1 HTTP/1.1" 200 3610
2017-05-13 00:33:38,713 "GET /v1/bookmarks/?page_no=1 HTTP/1.1" 200 3610
2017-05-13 00:36:02,444 "GET /v1/bookmarks/?page_no=1 HTTP/1.1" 200 3610
2017-05-13 00:36:27,408 "GET /v1/bookmarks/?page_no=1 HTTP/1.1" 200 3610
2017-05-13 00:37:04,158 "GET /v1/bookmarks/?page_no=1 HTTP/1.1" 200 3610
2017-05-13 00:37:27,079 "GET /v1/bookmarks/?page_no=1 HTTP/1.1" 200 3610
2017-05-13 15:05:42,369 "GET /v1/bookmarks/?page_no=1 HTTP/1.1" 200 3610
2017-05-13 15:06:29,094 "GET /v1/bookmarks/?page_no=1 HTTP/1.1" 200 3610
2017-05-13 15:07:10,278 "GET /v1/bookmarks/?page_no=1 HTTP/1.1" 200 3610
2017-05-13 15:07:37,863 "GET /v1/bookmarks/?page_no=1 HTTP/1.1" 200 3610
2017-05-13 15:07:38,690 "GET /v1/bookmarks/?page_no=1 HTTP/1.1" 200 3610
2017-05-13 15:07:39,262 "GET /v1/bookmarks/?page_no=1 HTTP/1.1" 200 3610
2017-05-13 15:07:39,806 "GET /v1/bookmarks/?page_no=1 HTTP/1.1" 200 3610
2017-05-13 15:08:14,965 "GET /v1/bookmarks/?page_no=1 HTTP/1.1" 200 3610
2017-05-13 15:08:15,714 "GET /v1/bookmarks/?page_no=1 HTTP/1.1" 200 3610
2017-05-13 15:09:06,439 "GET /v1/bookmarks/?page_no=1 HTTP/1.1" 200 3610
2017-05-13 15:10:09,927 "GET /v1/bookmarks/?page_no=1 HTTP/1.1" 200 3610
2017-05-13 15:10:20,217 "GET /v1/bookmarks/?page_no=1 HTTP/1.1" 200 3610
2017-05-13 15:10:50,518 "GET /v1/bookmarks/?page_no=1 HTTP/1.1" 200 3610
2017-05-13 15:10:50,727 Not Found: /favicon.ico
2017-05-13 15:10:50,728 "GET /favicon.ico HTTP/1.1" 404 85
2017-05-13 15:12:58,348 "GET /v1/bookmarks/?page_no=1 HTTP/1.1" 200 3610
2017-05-13 15:17:38,146 "GET /v1/bookmarks?page_no=1&callback=jQuery214023132818118473764_1494668858130&_=1494668858131 HTTP/1.1" 301 0
2017-05-13 15:17:38,220 "GET /v1/bookmarks/?page_no=1&callback=jQuery214023132818118473764_1494668858130&_=1494668858131 HTTP/1.1" 200 3610
2017-05-13 15:18:55,905 "GET /v1/bookmarks?page_no=1&callback=jQuery2140029009833663106166_1494668935889&_=1494668935890 HTTP/1.1" 301 0
2017-05-13 15:18:55,986 "GET /v1/bookmarks/?page_no=1&callback=jQuery2140029009833663106166_1494668935889&_=1494668935890 HTTP/1.1" 200 3610
2017-05-13 15:19:58,636 "GET /v1/bookmarks?page_no=1&callback=jQuery21408004074438796003_1494668998619&_=1494668998620 HTTP/1.1" 301 0
2017-05-13 15:19:58,698 "GET /v1/bookmarks/?page_no=1&callback=jQuery21408004074438796003_1494668998619&_=1494668998620 HTTP/1.1" 200 3610
2017-05-13 15:20:25,642 "GET /v1/bookmarks?page_no=1&callback=jQuery21401649082885289348_1494669025625&_=1494669025626 HTTP/1.1" 301 0
2017-05-13 15:20:25,721 "GET /v1/bookmarks/?page_no=1&callback=jQuery21401649082885289348_1494669025625&_=1494669025626 HTTP/1.1" 200 3610
2017-05-13 15:55:36,911 "GET /v1/bookmarks?page_no=1&callback=jQuery21403896568273294698_1494671136894&_=1494671136895 HTTP/1.1" 301 0
2017-05-13 15:55:36,982 "GET /v1/bookmarks/?page_no=1&callback=jQuery21403896568273294698_1494671136894&_=1494671136895 HTTP/1.1" 200 3610
2017-05-13 15:56:33,035 "GET /v1/bookmarks?page_no=1&callback=jQuery2140631735834086989_1494671193020&_=1494671193021 HTTP/1.1" 301 0
2017-05-13 15:56:33,087 "GET /v1/bookmarks/?page_no=1&callback=jQuery2140631735834086989_1494671193020&_=1494671193021 HTTP/1.1" 200 3610
2017-05-13 15:56:35,492 "GET /v1/bookmarks?page_no=1&callback=jQuery21409754392875770388_1494671195474&_=1494671195475 HTTP/1.1" 301 0
2017-05-13 15:56:35,563 "GET /v1/bookmarks/?page_no=1&callback=jQuery21409754392875770388_1494671195474&_=1494671195475 HTTP/1.1" 200 3610
2017-05-13 15:59:46,619 "OPTIONS /v1/bookmarks?page_no=1 HTTP/1.1" 200 0
2017-05-13 16:00:13,136 "GET /v1/bookmarks/?page_no=1 HTTP/1.1" 200 3610
2017-05-13 16:01:15,810 "OPTIONS /v1/bookmarks?page_no=1 HTTP/1.1" 200 0
2017-05-13 16:01:15,890 "GET /v1/bookmarks/?page_no=1 HTTP/1.1" 200 3610
2017-05-13 16:02:22,915 "GET /v1/bookmarks?page_no=1&callback=callback&_=1494671542898 HTTP/1.1" 301 0
2017-05-13 16:02:22,993 "GET /v1/bookmarks/?page_no=1&callback=callback&_=1494671542898 HTTP/1.1" 200 3610
2017-05-13 16:02:36,707 "GET /v1/bookmarks?page_no=1&callback=callback&_=1494671556691 HTTP/1.1" 301 0
2017-05-13 16:02:36,777 "GET /v1/bookmarks/?page_no=1&callback=callback&_=1494671556691 HTTP/1.1" 200 3610
2017-05-13 16:03:48,167 "GET /v1/bookmarks/?page_no=1 HTTP/1.1" 200 3610
2017-05-13 16:03:49,739 "GET /v1/bookmarks/?page_no=1 HTTP/1.1" 200 3610
2017-05-13 16:05:49,628 "GET /v1/bookmarks/?page_no=1 HTTP/1.1" 200 3610
2017-05-13 16:05:50,600 "GET /v1/bookmarks/?page_no=1 HTTP/1.1" 200 3610
2017-05-13 16:05:51,290 "GET /v1/bookmarks/?page_no=1 HTTP/1.1" 200 3610
2017-05-13 16:05:51,827 "GET /v1/bookmarks/?page_no=1 HTTP/1.1" 200 3610
2017-05-13 16:06:36,446 "GET /v1/bookmarks/?page_no=1 HTTP/1.1" 200 3610
2017-05-13 16:06:37,133 "GET /v1/bookmarks/?page_no=1 HTTP/1.1" 200 3610
2017-05-13 16:06:37,826 "GET /v1/bookmarks/?page_no=1 HTTP/1.1" 200 3610
2017-05-13 16:06:38,174 "GET /v1/bookmarks/?page_no=1 HTTP/1.1" 200 3610
2017-05-13 16:06:38,739 "GET /v1/bookmarks/?page_no=1 HTTP/1.1" 200 3610
2017-05-13 16:07:08,386 "OPTIONS /v1/bookmarks/?page_no=1 HTTP/1.1" 200 0
2017-05-13 16:07:08,450 "GET /v1/bookmarks/?page_no=1 HTTP/1.1" 200 3610
2017-05-13 16:10:20,004 "GET /v1/bookmarks?page=1 HTTP/1.1" 301 0
2017-05-13 16:10:20,085 "GET /v1/bookmarks/?page=1 HTTP/1.1" 200 3610
2017-05-13 16:11:09,701 "GET /v1/bookmarks/?page=1 HTTP/1.1" 200 3610
2017-05-13 16:11:17,780 "GET /v1/bookmarks/?page=1 HTTP/1.1" 200 3610
2017-05-13 16:11:20,052 "GET /v1/bookmarks/?page=1 HTTP/1.1" 200 3610
2017-05-13 16:13:24,567 "GET /v1/bookmarks/?page=1 HTTP/1.1" 200 3610
2017-05-13 16:13:39,977 "GET /v1/bookmarks/?page=1 HTTP/1.1" 200 3610
2017-05-13 16:15:18,381 "GET /v1/bookmarks/?page_no=1 HTTP/1.1" 200 3610
2017-05-13 16:15:19,128 "GET /v1/bookmarks/?page_no=1 HTTP/1.1" 200 3610
2017-05-13 16:15:19,780 "GET /v1/bookmarks/?page_no=1 HTTP/1.1" 200 3610
2017-05-13 16:15:20,385 "GET /v1/bookmarks/?page_no=1 HTTP/1.1" 200 3610
2017-05-13 16:15:20,889 "GET /v1/bookmarks/?page_no=1 HTTP/1.1" 200 3610
2017-05-13 16:15:21,328 "GET /v1/bookmarks/?page_no=1 HTTP/1.1" 200 3610
2017-05-13 16:15:52,686 "GET /v1/bookmarks/?page_no=1 HTTP/1.1" 200 3610
2017-05-13 16:15:53,828 "GET /v1/bookmarks/?page_no=1 HTTP/1.1" 200 3610
2017-05-13 16:15:54,350 "GET /v1/bookmarks/?page_no=1 HTTP/1.1" 200 3610
2017-05-13 16:15:54,791 "GET /v1/bookmarks/?page_no=1 HTTP/1.1" 200 3610
2017-05-13 16:16:04,416 "GET /v1/bookmarks/?page_no=1 HTTP/1.1" 200 3610
2017-05-13 16:16:04,971 "GET /v1/bookmarks/?page_no=1 HTTP/1.1" 200 3610
2017-05-13 16:16:05,499 "GET /v1/bookmarks/?page_no=1 HTTP/1.1" 200 3610
2017-05-13 16:16:32,278 "GET /v1/bookmarks/?page_no=1 HTTP/1.1" 200 3610
2017-05-13 16:16:32,922 "GET /v1/bookmarks/?page_no=1 HTTP/1.1" 200 3610
2017-05-13 16:16:33,459 "GET /v1/bookmarks/?page_no=1 HTTP/1.1" 200 3610
2017-05-13 16:16:34,448 "GET /v1/bookmarks/?page_no=1 HTTP/1.1" 200 3610
2017-05-13 16:17:10,568 "GET /v1/bookmarks/?page_no=1 HTTP/1.1" 200 3610
2017-05-13 16:17:11,684 "GET /v1/bookmarks/?page_no=1 HTTP/1.1" 200 3610
2017-05-13 16:17:12,778 "GET /v1/bookmarks/?page_no=1 HTTP/1.1" 200 3610
2017-05-13 16:18:20,198 "POST /v1/bookmarks?page=1 HTTP/1.1" 301 0
2017-05-13 16:18:20,243 "GET /v1/bookmarks/?page=1 HTTP/1.1" 400 93
2017-05-13 16:18:40,696 "POST /v1/bookmarks?page=1 HTTP/1.1" 301 0
2017-05-13 16:18:40,703 "GET /v1/bookmarks/?page=1 HTTP/1.1" 400 93
2017-05-13 16:21:11,664 "POST /v1/bookmarks?page=1 HTTP/1.1" 301 0
2017-05-13 16:21:11,671 "GET /v1/bookmarks/?page=1 HTTP/1.1" 400 93
2017-05-13 16:21:36,358 "POST /v1/bookmarks/ HTTP/1.1" 200 3610
2017-05-13 16:21:49,857 "POST /v1/bookmarks/ HTTP/1.1" 200 3610
2017-05-13 16:22:18,059 "POST /v1/bookmarks/ HTTP/1.1" 200 3610
2017-05-13 16:22:32,337 "POST /v1/bookmarks/ HTTP/1.1" 200 3610
2017-05-13 16:23:19,231 "POST /v1/bookmarks/ HTTP/1.1" 200 3610
2017-05-13 16:24:38,955 "POST /v1/bookmarks/ HTTP/1.1" 200 3610
2017-05-13 16:24:39,805 "POST /v1/bookmarks/ HTTP/1.1" 200 3610
2017-05-13 16:25:52,304 "POST /v1/bookmarks/ HTTP/1.1" 200 3610
2017-05-13 16:25:53,118 "POST /v1/bookmarks/ HTTP/1.1" 200 3610
2017-05-13 16:26:18,542 "GET /v1/bookmarks/?page_no=1 HTTP/1.1" 400 93
2017-05-13 16:26:35,834 "GET /v1/bookmarks/?page_no=1 HTTP/1.1" 400 93
2017-05-13 16:27:35,745 "POST /v1/bookmarks/ HTTP/1.1" 200 3610
2017-05-13 16:28:51,985 "POST /v1/bookmarks/ HTTP/1.1" 200 3610
2017-05-13 16:28:54,074 "POST /v1/bookmarks/ HTTP/1.1" 200 3610
2017-05-13 16:29:06,892 "POST /v1/bookmarks/ HTTP/1.1" 200 3610
2017-05-13 16:29:07,615 "POST /v1/bookmarks/ HTTP/1.1" 200 3610
2017-05-13 16:29:24,428 "POST /v1/bookmarks/ HTTP/1.1" 200 3610
2017-05-13 16:30:01,875 "POST /v1/bookmarks/ HTTP/1.1" 200 3610
2017-05-13 16:31:42,380 "POST /v1/bookmarks/ HTTP/1.1" 200 3610
2017-05-13 16:32:25,181 "POST /v1/bookmarks/ HTTP/1.1" 200 3610
2017-05-13 16:32:39,173 "POST /v1/bookmarks/ HTTP/1.1" 200 3610
2017-05-13 16:33:20,179 "POST /v1/bookmarks/ HTTP/1.1" 200 3610
2017-05-13 16:33:40,029 "POST /v1/bookmarks/ HTTP/1.1" 200 3610
2017-05-13 16:35:18,098 "POST /v1/bookmarks/ HTTP/1.1" 200 3610
2017-05-13 16:35:36,785 "POST /v1/bookmarks/ HTTP/1.1" 200 3610
2017-05-13 16:36:07,736 "POST /v1/bookmarks/ HTTP/1.1" 200 3610
2017-05-13 16:37:30,083 "POST /v1/bookmarks/ HTTP/1.1" 200 3610
2017-05-13 16:39:25,276 "POST /v1/bookmarks/ HTTP/1.1" 200 3610
2017-05-13 16:41:59,244 "POST /v1/bookmarks/ HTTP/1.1" 200 3610
2017-05-13 16:42:35,619 "POST /v1/bookmarks/ HTTP/1.1" 200 3610
2017-05-13 16:42:46,784 "POST /v1/bookmarks/ HTTP/1.1" 200 3610
2017-05-13 16:43:08,749 "POST /v1/bookmarks/ HTTP/1.1" 200 3610
2017-05-13 16:43:21,777 "POST /v1/bookmarks/ HTTP/1.1" 200 3610
2017-05-13 16:43:26,186 "POST /v1/bookmarks/ HTTP/1.1" 200 3610
2017-05-13 16:43:40,991 "POST /v1/bookmarks/ HTTP/1.1" 200 3610
2017-05-13 16:44:01,523 "POST /v1/bookmarks/ HTTP/1.1" 200 3610
2017-05-13 16:44:22,698 "POST /v1/bookmarks/ HTTP/1.1" 200 3610
2017-05-13 16:45:40,338 "POST /v1/bookmarks/ HTTP/1.1" 200 3610
2017-05-13 16:45:57,710 "POST /v1/bookmarks/ HTTP/1.1" 200 3610
2017-05-13 16:46:18,264 "POST /v1/bookmarks/ HTTP/1.1" 200 3610
2017-05-13 16:46:28,905 "POST /v1/bookmarks/ HTTP/1.1" 200 3610
2017-05-13 16:47:19,473 "POST /v1/bookmarks/ HTTP/1.1" 200 3610
2017-05-13 16:47:38,065 "POST /v1/bookmarks/ HTTP/1.1" 200 3610
2017-05-13 16:48:35,814 "POST /v1/bookmarks/ HTTP/1.1" 200 3610
2017-05-13 16:49:00,614 "POST /v1/bookmarks/ HTTP/1.1" 200 3610
2017-05-13 16:49:16,478 "POST /v1/bookmarks/ HTTP/1.1" 200 3610
2017-05-13 16:49:16,664 "POST /v1/bookmarks/ HTTP/1.1" 200 3610
2017-05-13 16:49:18,378 "POST /v1/bookmarks/ HTTP/1.1" 200 3610
2017-05-13 16:49:19,896 "POST /v1/bookmarks/ HTTP/1.1" 200 3610
2017-05-13 16:49:21,121 "POST /v1/bookmarks/ HTTP/1.1" 200 3610
2017-05-13 16:50:00,054 "POST /v1/bookmarks/ HTTP/1.1" 200 3610
2017-05-13 16:50:44,320 "POST /v1/bookmarks/ HTTP/1.1" 200 3610
2017-05-13 16:51:36,189 "POST /v1/bookmarks/ HTTP/1.1" 200 3610
2017-05-13 16:52:02,991 "POST /v1/bookmarks/ HTTP/1.1" 200 3610
2017-05-13 16:52:31,517 "POST /v1/bookmarks/ HTTP/1.1" 200 3610
2017-05-13 16:54:08,793 "POST /v1/bookmarks/ HTTP/1.1" 200 3610
2017-05-13 16:54:41,356 "POST /v1/bookmarks/ HTTP/1.1" 200 3610
2017-05-13 16:56:30,559 "POST /v1/bookmarks/ HTTP/1.1" 200 3610
2017-05-13 16:56:58,574 "POST /v1/bookmarks/ HTTP/1.1" 200 3610
2017-05-13 16:57:07,472 "POST /v1/bookmarks/ HTTP/1.1" 200 3610
2017-05-13 16:57:30,285 "POST /v1/bookmarks/ HTTP/1.1" 200 3610
2017-05-13 16:57:47,019 "POST /v1/bookmarks/ HTTP/1.1" 200 3610
2017-05-13 16:57:56,145 "POST /v1/bookmarks/ HTTP/1.1" 200 3610
2017-05-13 16:58:22,395 "POST /v1/bookmarks/ HTTP/1.1" 200 3610
2017-05-13 16:58:43,446 "POST /v1/bookmarks/ HTTP/1.1" 200 3610
2017-05-13 16:59:04,922 "POST /v1/bookmarks/ HTTP/1.1" 200 3610
2017-05-13 16:59:22,688 "POST /v1/bookmarks/ HTTP/1.1" 200 3610
2017-05-13 16:59:34,301 "POST /v1/bookmarks/ HTTP/1.1" 200 3610
2017-05-13 17:19:11,294 "POST /v1/bookmarks/ HTTP/1.1" 201 723
2017-05-13 17:21:48,610 "POST /v1/bookmarks/get/ HTTP/1.1" 200 728
2017-05-13 17:23:17,166 "POST /v1/bookmarks/ HTTP/1.1" 400 85
2017-05-13 17:25:42,141 "POST /v1/bookmarks/ HTTP/1.1" 201 985
2017-05-13 17:25:49,172 "POST /v1/bookmarks/get/ HTTP/1.1" 200 1667
2017-05-13 17:28:24,192 "POST /v1/bookmarks/get/ HTTP/1.1" 200 1667
2017-05-13 17:28:49,740 "POST /v1/bookmarks/get/ HTTP/1.1" 200 1667
2017-05-13 17:29:04,374 "POST /v1/bookmarks/get/ HTTP/1.1" 200 1667
2017-05-13 17:29:29,679 "POST /v1/bookmarks/get/ HTTP/1.1" 200 1667
2017-05-13 17:29:44,743 "POST /v1/bookmarks/get/ HTTP/1.1" 200 1667
2017-05-13 17:30:02,391 "POST /v1/bookmarks/get/ HTTP/1.1" 200 1667
2017-05-13 17:32:35,521 "POST /v1/bookmarks/get/ HTTP/1.1" 200 1667
2017-05-13 17:32:56,731 "POST /v1/bookmarks/get/ HTTP/1.1" 200 1667
2017-05-13 17:33:19,847 "POST /v1/bookmarks/get/ HTTP/1.1" 200 1667
2017-05-13 17:33:35,022 "POST /v1/bookmarks/get/ HTTP/1.1" 200 1667
2017-05-13 17:33:44,207 "POST /v1/bookmarks/get/ HTTP/1.1" 200 1667
2017-05-13 17:33:55,717 "POST /v1/bookmarks/get/ HTTP/1.1" 200 1667
2017-05-13 17:34:11,203 "POST /v1/bookmarks/get/ HTTP/1.1" 200 1667
2017-05-13 17:34:19,987 "POST /v1/bookmarks/get/ HTTP/1.1" 200 1667
2017-05-13 17:34:28,184 "POST /v1/bookmarks/get/ HTTP/1.1" 200 1667
2017-05-13 17:34:37,021 "POST /v1/bookmarks/get/ HTTP/1.1" 200 1667
2017-05-13 17:34:47,633 "POST /v1/bookmarks/get/ HTTP/1.1" 200 1667
2017-05-13 17:36:28,859 "POST /v1/bookmarks/get/ HTTP/1.1" 200 1667
2017-05-13 17:37:41,403 "POST /v1/bookmarks/get/ HTTP/1.1" 200 1667
2017-05-13 17:38:52,976 "POST /v1/bookmarks/get/ HTTP/1.1" 200 1667
2017-05-13 17:39:54,321 "POST /v1/bookmarks/get/ HTTP/1.1" 200 1667
2017-05-13 17:40:55,539 "POST /v1/bookmarks/get/ HTTP/1.1" 200 1667
2017-05-13 17:42:33,038 "POST /v1/bookmarks/get/ HTTP/1.1" 200 1667
2017-05-13 17:42:45,522 "POST /v1/bookmarks/get/ HTTP/1.1" 200 1667
2017-05-13 17:43:02,306 "POST /v1/bookmarks/ HTTP/1.1" 201 1112
2017-05-13 17:43:02,677 "POST /v1/bookmarks/get/ HTTP/1.1" 200 2733
2017-05-13 17:44:16,133 "POST /v1/bookmarks/get/ HTTP/1.1" 200 2733
2017-05-13 17:44:32,405 "POST /v1/bookmarks/ HTTP/1.1" 201 1113
2017-05-13 17:44:32,786 "POST /v1/bookmarks/get/ HTTP/1.1" 200 3800
2017-05-13 17:44:50,618 "POST /v1/bookmarks/ HTTP/1.1" 201 752
2017-05-13 17:44:50,975 "POST /v1/bookmarks/get/ HTTP/1.1" 200 4506
2017-05-13 17:46:03,193 "POST /v1/bookmarks/get/ HTTP/1.1" 200 4506
2017-05-13 17:46:11,065 "POST /v1/bookmarks/get/ HTTP/1.1" 200 4506
2017-05-13 17:46:20,532 "POST /v1/bookmarks/get/ HTTP/1.1" 200 4506
2017-05-13 17:52:52,825 "POST /v1/bookmarks/get/ HTTP/1.1" 200 4506
2017-05-13 17:52:58,076 "POST /v1/bookmarks/ HTTP/1.1" 400 85
2017-05-13 17:53:17,784 "POST /v1/bookmarks/get/ HTTP/1.1" 200 4506
2017-05-13 17:54:12,333 "POST /v1/bookmarks/get/ HTTP/1.1" 200 4506
2017-05-13 17:55:03,053 "POST /v1/bookmarks/get/ HTTP/1.1" 200 4506
2017-05-13 17:56:54,148 "POST /v1/bookmarks/get/ HTTP/1.1" 200 4506
2017-05-13 17:57:32,674 "POST /v1/bookmarks/get/ HTTP/1.1" 200 4506
2017-05-13 17:57:35,209 "POST /v1/bookmarks/get/ HTTP/1.1" 200 4506
2017-05-13 17:57:43,927 "OPTIONS /v1/bookmarks/ HTTP/1.1" 200 0
2017-05-13 17:57:44,057 "DELETE /v1/bookmarks/ HTTP/1.1" 201 71
2017-05-13 17:57:44,415 "POST /v1/bookmarks/get/ HTTP/1.1" 200 3829
2017-05-13 17:58:06,782 "POST /v1/bookmarks/get/ HTTP/1.1" 200 3829
2017-05-13 17:58:40,017 "POST /v1/bookmarks/get/ HTTP/1.1" 200 3829
2017-05-13 17:58:58,803 "POST /v1/bookmarks/get/ HTTP/1.1" 200 3829
2017-05-13 17:59:25,643 "POST /v1/bookmarks/get/ HTTP/1.1" 200 3829
2017-05-13 18:00:15,463 "POST /v1/bookmarks/ HTTP/1.1" 201 989
2017-05-13 18:00:15,885 "POST /v1/bookmarks/get/ HTTP/1.1" 200 4772
2017-05-13 18:00:55,593 "POST /v1/bookmarks/get/ HTTP/1.1" 200 4772
2017-05-13 18:01:41,229 "POST /v1/bookmarks/get/ HTTP/1.1" 200 4772
2017-05-13 18:01:56,695 "POST /v1/bookmarks/get/ HTTP/1.1" 200 4772
2017-05-13 18:29:00,349 "POST /v1/bookmarks/get/ HTTP/1.1" 200 4772
